<?xml version="1.0" encoding="UTF-8"?>
<testsuites name="TestSuite1" time="94.937" tests="2" failures="0" errors="0">
   <testsuite name="TestSuite1" tests="2" failures="0" errors="0" time="94.937" timestamp="2020-08-27 22:21:25" hostname="Deiva - DESKTOP-8HAFPCD" id="Test Suites/MedicarePlan/TestSuite1">
      <properties>
         <property name="deviceName" value=""/>
         <property name="devicePlatform" value=""/>
         <property name="logFolder" value="C:\\Users\\Deiva\\git\\KalatlonProject\\Reports\\20200827_222120\\MedicarePlan\\TestSuite1\\20200827_222120"/>
         <property name="logFiles" value="C:\\Users\\Deiva\\git\\KalatlonProject\\Reports\\20200827_222120\\MedicarePlan\\TestSuite1\\20200827_222120\\execution0.log"/>
         <property name="attachments" value=""/>
         <property name="hostName" value="Deiva - DESKTOP-8HAFPCD"/>
         <property name="os" value="Windows 10 64bit"/>
         <property name="katalonVersion" value="7.6.2.205"/>
         <property name="browser" value="Chrome 85.0.4183.83"/>
         <property name="hostAddress" value="192.168.1.13"/>
         <property name="sessionId" value="da4abbc48e60d98256ba30b85b4fd81b"/>
         <property name="seleniumVersion" value="3.141.59"/>
         <property name="proxyInformation" value="ProxyInformation { proxyOption=NO_PROXY, proxyServerType=HTTP, username=, password=********, proxyServerAddress=, proxyServerPort=0, executionList=\&quot;\&quot;, isApplyToDesiredCapabilities=true }"/>
         <property name="platform" value="Windows 10"/>
      </properties>
      <testcase name="Test Cases/MedicarePlans/OpenMedicarePageAndSelectCity/TC_SelectCity" time="61.856" classname="Test Cases/MedicarePlans/OpenMedicarePageAndSelectCity/TC_SelectCity" status="PASSED">
         <system-out><![CDATA[2020-08-27 22:21:25 - [TEST_CASE][PASSED] - Test Cases/MedicarePlans/OpenMedicarePageAndSelectCity/TC_SelectCity: Test Cases/MedicarePlans/OpenMedicarePageAndSelectCity/TC_SelectCity

2020-08-27 22:21:26 - [TEST_STEP][PASSED] - openBrowser("https://cd.ca.ehealthmedicareplans.com/"): Browser is opened with url: 'https://cd.ca.ehealthmedicareplans.com/'

2020-08-27 22:21:27 - [MESSAGE][INFO] - Starting 'Chrome' driver

2020-08-27 22:21:27 - [MESSAGE][INFO] - Action delay is set to 0 milliseconds

2020-08-27 22:21:51 - [MESSAGE][PASSED] - Browser is opened with url: 'https://cd.ca.ehealthmedicareplans.com/'

2020-08-27 22:21:51 - [TEST_STEP][PASSED] - waitForPageLoad(180): Wait for page load successfully

2020-08-27 22:22:12 - [MESSAGE][PASSED] - Wait for page load successfully

2020-08-27 22:22:12 - [TEST_STEP][PASSED] - setText(findTestObject("Medicare Plans/OpenMedicareWebPage/input_Zip code"), "90001"): Text '90001' is set on object 'Object Repository/Medicare Plans/OpenMedicareWebPage/input_Zip code'

2020-08-27 22:22:20 - [MESSAGE][PASSED] - Text '90001' is set on object 'Object Repository/Medicare Plans/OpenMedicareWebPage/input_Zip code'

2020-08-27 22:22:20 - [TEST_STEP][PASSED] - click(findTestObject("Medicare Plans/OpenMedicareWebPage/button_Find Plans")): Object: 'Object Repository/Medicare Plans/OpenMedicareWebPage/button_Find Plans' is clicked on

2020-08-27 22:22:23 - [MESSAGE][PASSED] - Object: 'Object Repository/Medicare Plans/OpenMedicareWebPage/button_Find Plans' is clicked on

2020-08-27 22:22:23 - [TEST_STEP][PASSED] - waitForPageLoad(60): Wait for page load successfully

2020-08-27 22:22:23 - [MESSAGE][PASSED] - Wait for page load successfully

2020-08-27 22:22:23 - [TEST_STEP][PASSED] - try: Object 'Object Repository/Medicare Plans/OpenMedicareWebPage/Favourites' is present

2020-08-27 22:22:23 - [TEST_STEP][PASSED] - verifyElementPresent(findTestObject("Medicare Plans/OpenMedicareWebPage/Favourites"), 10, STOP_ON_FAILURE): Object 'Object Repository/Medicare Plans/OpenMedicareWebPage/Favourites' is present

2020-08-27 22:22:27 - [MESSAGE][PASSED] - Object 'Object Repository/Medicare Plans/OpenMedicareWebPage/Favourites' is present]]></system-out>
         <system-err><![CDATA[]]></system-err>
      </testcase>
      <testcase name="Test Cases/MedicarePlans/SelectPlanType/TC_SelectPlanType" time="16.837" classname="Test Cases/MedicarePlans/SelectPlanType/TC_SelectPlanType" status="PASSED">
         <system-out><![CDATA[2020-08-27 22:22:27 - [TEST_CASE][PASSED] - Test Cases/MedicarePlans/SelectPlanType/TC_SelectPlanType: Test Cases/MedicarePlans/SelectPlanType/TC_SelectPlanType

2020-08-27 22:22:29 - [TEST_STEP][PASSED] - driver = getWebDriver(): null

2020-08-27 22:22:29 - [TEST_STEP][PASSED] - click(findTestObject("Object Repository/Medicare Plans/SelectPlanType/Page_Medicare Insurance Program/a_Medicare Advantage Plans  45 plans available")): Object: 'Object Repository/Medicare Plans/SelectPlanType/Page_Medicare Insurance Program/a_Medicare Advantage Plans  45 plans available' is clicked on

2020-08-27 22:22:39 - [MESSAGE][PASSED] - Object: 'Object Repository/Medicare Plans/SelectPlanType/Page_Medicare Insurance Program/a_Medicare Advantage Plans  45 plans available' is clicked on

2020-08-27 22:22:39 - [TEST_STEP][PASSED] - timeouts().implicitlyWait(10000, MILLISECONDS): null

2020-08-27 22:22:39 - [TEST_STEP][PASSED] - company = driver.findElement(By.xpath("//*[@id='filter 6']/div/div/div/ul")): null

2020-08-27 22:22:40 - [TEST_STEP][PASSED] - companyList = company.findElements(By.tagName("li")): null

2020-08-27 22:22:40 - [TEST_STEP][PASSED] - println("List size: " + companyList.size()): null

2020-08-27 22:22:40 - [TEST_STEP][PASSED] - for ([i = 1, i <= companyList.size(), (i++)]): null

2020-08-27 22:22:40 - [TEST_STEP][PASSED] - companyName = xpath("//*[@id='filter 6']/div/div/div/ul/li[" + i + "]/span/label/span/span")).getText(): null

2020-08-27 22:22:41 - [TEST_STEP][PASSED] - if (companyName == "Blue Shield of California"): null

2020-08-27 22:22:41 - [TEST_STEP][PASSED] - companyName = xpath("//*[@id='filter 6']/div/div/div/ul/li[" + i + "]/span/label/span/span")).getText(): null

2020-08-27 22:22:41 - [TEST_STEP][PASSED] - if (companyName == "Blue Shield of California"): null

2020-08-27 22:22:41 - [TEST_STEP][PASSED] - companyName = xpath("//*[@id='filter 6']/div/div/div/ul/li[" + i + "]/span/label/span/span")).getText(): null

2020-08-27 22:22:42 - [TEST_STEP][PASSED] - if (companyName == "Blue Shield of California"): null

2020-08-27 22:22:42 - [TEST_STEP][PASSED] - companyName = xpath("//*[@id='filter 6']/div/div/div/ul/li[" + i + "]/span/label/span/span")).getText(): null

2020-08-27 22:22:42 - [TEST_STEP][PASSED] - if (companyName == "Blue Shield of California"): null

2020-08-27 22:22:42 - [TEST_STEP][PASSED] - companyName = xpath("//*[@id='filter 6']/div/div/div/ul/li[" + i + "]/span/label/span/span")).getText(): null

2020-08-27 22:22:42 - [TEST_STEP][PASSED] - if (companyName == "Blue Shield of California"): null

2020-08-27 22:22:42 - [TEST_STEP][PASSED] - println("Blue shield of california"): null

2020-08-27 22:22:42 - [TEST_STEP][PASSED] - companyName = xpath("//*[@id='filter 6']/div/div/div/ul/li[" + i + "]/span/label/span/span")).getText(): null

2020-08-27 22:22:43 - [TEST_STEP][PASSED] - if (companyName == "Blue Shield of California"): null

2020-08-27 22:22:43 - [TEST_STEP][PASSED] - companyName = xpath("//*[@id='filter 6']/div/div/div/ul/li[" + i + "]/span/label/span/span")).getText(): null

2020-08-27 22:22:43 - [TEST_STEP][PASSED] - if (companyName == "Blue Shield of California"): null

2020-08-27 22:22:43 - [TEST_STEP][PASSED] - companyName = xpath("//*[@id='filter 6']/div/div/div/ul/li[" + i + "]/span/label/span/span")).getText(): null

2020-08-27 22:22:43 - [TEST_STEP][PASSED] - if (companyName == "Blue Shield of California"): null

2020-08-27 22:22:43 - [TEST_STEP][PASSED] - companyName = xpath("//*[@id='filter 6']/div/div/div/ul/li[" + i + "]/span/label/span/span")).getText(): null

2020-08-27 22:22:43 - [TEST_STEP][PASSED] - if (companyName == "Blue Shield of California"): null

2020-08-27 22:22:43 - [TEST_STEP][PASSED] - companyName = xpath("//*[@id='filter 6']/div/div/div/ul/li[" + i + "]/span/label/span/span")).getText(): null

2020-08-27 22:22:44 - [TEST_STEP][PASSED] - if (companyName == "Blue Shield of California"): null

2020-08-27 22:22:44 - [TEST_STEP][PASSED] - companyName = xpath("//*[@id='filter 6']/div/div/div/ul/li[" + i + "]/span/label/span/span")).getText(): null

2020-08-27 22:22:44 - [TEST_STEP][PASSED] - if (companyName == "Blue Shield of California"): null]]></system-out>
         <system-err><![CDATA[]]></system-err>
      </testcase>
      <system-out><![CDATA[2020-08-27 22:21:25 - [TEST_SUITE][PASSED] - TestSuite1: Test Cases/MedicarePlans/SelectPlanType/TC_SelectPlanType]]></system-out>
      <system-err><![CDATA[]]></system-err>
   </testsuite>
</testsuites>
